#
# There is insufficient memory for the Java Runtime Environment to continue.
# Native memory allocation (mmap) failed to map 117440512 bytes for Failed to commit area from 0x0000000091c00000 to 0x0000000098c00000 of length 117440512.
# Possible reasons:
#   The system is out of physical RAM or swap space
#   The process is running with CompressedOops enabled, and the Java Heap may be blocking the growth of the native heap
# Possible solutions:
#   Reduce memory load on the system
#   Increase physical memory or swap space
#   Check if swap backing store is full
#   Decrease Java heap size (-Xmx/-Xms)
#   Decrease number of Java threads
#   Decrease Java thread stack sizes (-Xss)
#   Set larger code cache with -XX:ReservedCodeCacheSize=
# This output file may be truncated or incomplete.
#
#  Out of Memory Error (./src/hotspot/os/windows/os_windows.cpp:3380), pid=9200, tid=3304
#
# JRE version:  (11.0.12+7) (build )
# Java VM: OpenJDK 64-Bit Server VM (11.0.12+7, mixed mode, sharing, tiered, compressed oops, g1 gc, windows-amd64)
# No core dump will be written. Minidumps are not enabled by default on client versions of Windows
#

---------------  S U M M A R Y ------------

Command Line: 

Host: AMD A9-9425 RADEON R5, 5 COMPUTE CORES 2C+3G   , 2 cores, 6G,  Windows 10 , 64 bit Build 17763 (10.0.17763.3287)
Time: Tue Oct 18 10:14:30 2022 RTZ 4 (ceia) elapsed time: 0.024601 seconds (0d 0h 0m 0s)

---------------  T H R E A D  ---------------

Current thread (0x000002b05574b800):  JavaThread "Unknown thread" [_thread_in_vm, id=3304, stack(0x000000bf48300000,0x000000bf48400000)]

Stack: [0x000000bf48300000,0x000000bf48400000]
Native frames: (J=compiled Java code, j=interpreted, Vv=VM code, C=native code)
V  [jvm.dll+0x6090fa]
V  [jvm.dll+0x79229e]
V  [jvm.dll+0x79396f]
V  [jvm.dll+0x794033]
V  [jvm.dll+0x24bed8]
V  [jvm.dll+0x60624a]
V  [jvm.dll+0x5facf5]
V  [jvm.dll+0x303b5c]
V  [jvm.dll+0x3039e2]
V  [jvm.dll+0x308706]
V  [jvm.dll+0x34d5cf]
V  [jvm.dll+0x34d000]
V  [jvm.dll+0x2e0c68]
V  [jvm.dll+0x2e1dc6]
V  [jvm.dll+0x76d627]
V  [jvm.dll+0x76edaf]
V  [jvm.dll+0x35a359]
V  [jvm.dll+0x750710]
V  [jvm.dll+0x3c1f8f]
V  [jvm.dll+0x3c4461]
C  [jli.dll+0x5207]
C  [ucrtbase.dll+0x2268a]
C  [KERNEL32.DLL+0x17974]
C  [ntdll.dll+0x5a371]


---------------  P R O C E S S  ---------------

Threads class SMR info:
_java_thread_list=0x000002b0535d50d0, length=0, elements={
}

Java Threads: ( => current thread )

Other Threads:
  0x000002b055763000 GCTaskThread "GC Thread#0" [stack: 0x000000bf48400000,0x000000bf48500000] [id=11584]
  0x000002b05578f000 ConcurrentGCThread "G1 Main Marker" [stack: 0x000000bf48500000,0x000000bf48600000] [id=1604]
  0x000002b055793000 ConcurrentGCThread "G1 Conc#0" [stack: 0x000000bf48600000,0x000000bf48700000] [id=8084]

[error occurred during error reporting (printing all threads), id 0xc0000005, EXCEPTION_ACCESS_VIOLATION (0xc0000005) at pc=0x00007ff9b2cf0337]

VM state:not at safepoint (not fully initialized)

VM Mutex/Monitor currently owned by a thread:  ([mutex/lock_event])
[0x000002b055748410] Heap_lock - owner thread: 0x000002b05574b800

Heap address: 0x0000000091c00000, size: 1764 MB, Compressed Oops mode: Non-zero based: 0x0000000091c00000
Narrow klass base: 0x0000000000000000, Narrow klass shift: 0

GC Heap History (0 events):
No events

Deoptimization events (0 events):
No events

Classes redefined (0 events):
No events

Internal exceptions (0 events):
No events

Events (1 events):
Event: 0.017 Loaded shared library C:\Program Files\Microsoft\jdk-11.0.12.7-hotspot\bin\zip.dll


Dynamic libraries:
0x00007ff6aa6a0000 - 0x00007ff6aa6ad000 	C:\Program Files\Microsoft\jdk-11.0.12.7-hotspot\bin\java.exe
0x00007ffa0dfd0000 - 0x00007ffa0e1be000 	C:\Windows\SYSTEM32\ntdll.dll
0x00007ffa0c880000 - 0x00007ffa0c933000 	C:\Windows\System32\KERNEL32.DLL
0x00007ffa0adc0000 - 0x00007ffa0b05d000 	C:\Windows\System32\KERNELBASE.dll
0x00007ffa0b060000 - 0x00007ffa0b15a000 	C:\Windows\System32\ucrtbase.dll
0x00007ff9fc970000 - 0x00007ff9fc985000 	C:\Program Files\Microsoft\jdk-11.0.12.7-hotspot\bin\VCRUNTIME140.dll
0x00007ff9fd9f0000 - 0x00007ff9fda07000 	C:\Program Files\Microsoft\jdk-11.0.12.7-hotspot\bin\jli.dll
0x00007ffa0bf60000 - 0x00007ffa0c0f8000 	C:\Windows\System32\USER32.dll
0x00007ffa0ab50000 - 0x00007ffa0ab70000 	C:\Windows\System32\win32u.dll
0x00007ffa0c4c0000 - 0x00007ffa0c4e9000 	C:\Windows\System32\GDI32.dll
0x00007ffa0ab70000 - 0x00007ffa0ad10000 	C:\Windows\System32\gdi32full.dll
0x00007ffa0a8b0000 - 0x00007ffa0a950000 	C:\Windows\System32\msvcp_win.dll
0x00007ff9fe080000 - 0x00007ff9fe2f9000 	C:\Windows\WinSxS\amd64_microsoft.windows.common-controls_6595b64144ccf1df_6.0.17763.3532_none_de70b8e0534bb89d\COMCTL32.dll
0x00007ffa0b560000 - 0x00007ffa0b5fe000 	C:\Windows\System32\msvcrt.dll
0x00007ffa0c550000 - 0x00007ffa0c87b000 	C:\Windows\System32\combase.dll
0x00007ffa0b7f0000 - 0x00007ffa0b90d000 	C:\Windows\System32\RPCRT4.dll
0x00007ffa0ad30000 - 0x00007ffa0adb2000 	C:\Windows\System32\bcryptPrimitives.dll
0x00007ffa0c490000 - 0x00007ffa0c4be000 	C:\Windows\System32\IMM32.DLL
0x00007ff9e3810000 - 0x00007ff9e38ab000 	C:\Program Files\Microsoft\jdk-11.0.12.7-hotspot\bin\msvcp140.dll
0x00007ff9b2a00000 - 0x00007ff9b3561000 	C:\Program Files\Microsoft\jdk-11.0.12.7-hotspot\bin\server\jvm.dll
0x00007ffa0b600000 - 0x00007ffa0b6a7000 	C:\Windows\System32\ADVAPI32.dll
0x00007ffa0b6b0000 - 0x00007ffa0b74f000 	C:\Windows\System32\sechost.dll
0x00007ffa0b970000 - 0x00007ffa0b978000 	C:\Windows\System32\PSAPI.DLL
0x00007ffa03b30000 - 0x00007ffa03b39000 	C:\Windows\SYSTEM32\WSOCK32.dll
0x00007ffa07440000 - 0x00007ffa07464000 	C:\Windows\SYSTEM32\WINMM.dll
0x00007ffa0be00000 - 0x00007ffa0be6d000 	C:\Windows\System32\WS2_32.dll
0x00007ffa059c0000 - 0x00007ffa059ca000 	C:\Windows\SYSTEM32\VERSION.dll
0x00007ffa07410000 - 0x00007ffa0743d000 	C:\Windows\SYSTEM32\WINMMBASE.dll
0x00007ffa0a060000 - 0x00007ffa0a0aa000 	C:\Windows\System32\cfgmgr32.dll
0x00007ffa09f90000 - 0x00007ffa09fa1000 	C:\Windows\System32\kernel.appcore.dll
0x00007ffa02650000 - 0x00007ffa02660000 	C:\Program Files\Microsoft\jdk-11.0.12.7-hotspot\bin\verify.dll
0x00007ff9f8da0000 - 0x00007ff9f8f8d000 	C:\Windows\SYSTEM32\DBGHELP.DLL
0x00007ff9f8d70000 - 0x00007ff9f8d9a000 	C:\Windows\SYSTEM32\dbgcore.DLL
0x00007ff9f0510000 - 0x00007ff9f0538000 	C:\Program Files\Microsoft\jdk-11.0.12.7-hotspot\bin\java.dll
0x00007ff9fe750000 - 0x00007ff9fe75a000 	C:\Program Files\Microsoft\jdk-11.0.12.7-hotspot\bin\jimage.dll
0x00007ff9fc950000 - 0x00007ff9fc967000 	C:\Program Files\Microsoft\jdk-11.0.12.7-hotspot\bin\zip.dll

dbghelp: loaded successfully - version: 4.0.5 - missing functions: none
symbol engine: initialized successfully - sym options: 0x614 - pdb path: .;C:\Program Files\Microsoft\jdk-11.0.12.7-hotspot\bin;C:\Windows\SYSTEM32;C:\Windows\WinSxS\amd64_microsoft.windows.common-controls_6595b64144ccf1df_6.0.17763.3532_none_de70b8e0534bb89d;C:\Program Files\Microsoft\jdk-11.0.12.7-hotspot\bin\server

VM Arguments:
java_command: <unknown>
java_class_path (initial): <not set>
Launcher Type: SUN_STANDARD

[Global flags]
     intx CICompilerCount                          = 2                                         {product} {ergonomic}
     uint ConcGCThreads                            = 1                                         {product} {ergonomic}
     uint G1ConcRefinementThreads                  = 2                                         {product} {ergonomic}
   size_t G1HeapRegionSize                         = 1048576                                   {product} {ergonomic}
    uintx GCDrainStackTargetSize                   = 64                                        {product} {ergonomic}
   size_t InitialHeapSize                          = 117440512                                 {product} {ergonomic}
   size_t MarkStackSize                            = 4194304                                   {product} {ergonomic}
   size_t MaxHeapSize                              = 1849688064                                {product} {ergonomic}
   size_t MinHeapDeltaBytes                        = 1048576                                   {product} {ergonomic}
    uintx NonNMethodCodeHeapSize                   = 5825164                                {pd product} {ergonomic}
    uintx NonProfiledCodeHeapSize                  = 122916538                              {pd product} {ergonomic}
    uintx ProfiledCodeHeapSize                     = 122916538                              {pd product} {ergonomic}
    uintx ReservedCodeCacheSize                    = 251658240                              {pd product} {ergonomic}
     bool SegmentedCodeCache                       = true                                      {product} {ergonomic}
     bool UseCompressedClassPointers               = true                                 {lp64_product} {ergonomic}
     bool UseCompressedOops                        = true                                 {lp64_product} {ergonomic}
     bool UseG1GC                                  = true                                      {product} {ergonomic}
     bool UseLargePagesIndividualAllocation        = false                                  {pd product} {ergonomic}

Logging:
Log output configuration:
 #0: stdout all=warning uptime,level,tags
 #1: stderr all=off uptime,level,tags

Environment Variables:
PATH=C:\Program Files\Microsoft\jdk-11.0.12.7-hotspot\bin;C:\Program Files (x86)\Common Files\Oracle\Java\javapath;C:\Windows\system32;C:\Windows;C:\Windows\System32\Wbem;C:\Windows\System32\WindowsPowerShell\v1.0\;C:\Windows\System32\OpenSSH\;C:\Program Files\Microsoft SQL Server\150\Tools\Binn\;C:\Program Files\Git\cmd;C:\Program Files\Microsoft SQL Server\Client SDK\ODBC\170\Tools\Binn\;C:\Program Files\dotnet\;C:\Users\Никита\AppData\Local\Microsoft\WindowsApps;C:\Users\Никита\.dotnet\tools
USERNAME=Никита
OS=Windows_NT
PROCESSOR_IDENTIFIER=AMD64 Family 21 Model 112 Stepping 0, AuthenticAMD



---------------  S Y S T E M  ---------------

OS: Windows 10 , 64 bit Build 17763 (10.0.17763.3287)
OS uptime: 0 days 1:44 hours

CPU:total 2 (initial active 2) (2 cores per cpu, 1 threads per core) family 21 model 112 stepping 0 microcode 0x0, cmov, cx8, fxsr, mmx, sse, sse2, sse3, ssse3, sse4.1, sse4.2, popcnt, avx, avx2, aes, clmul, mmxext, 3dnowpref, lzcnt, sse4a, tsc, tscinvbit, tscinv, bmi1, bmi2, fma

Memory: 4k page, system-wide physical 7055M (1107M free)
TotalPageFile size 9103M (AvailPageFile size 16M)
current process WorkingSet (physical memory assigned to process): 9M, peak: 9M
current process commit charge ("private bytes"): 47M, peak: 159M

vm_info: OpenJDK 64-Bit Server VM (11.0.12+7) for windows-amd64 JRE (11.0.12+7), built on Jul 21 2021 15:41:43 by "" with unknown MS VC++:1916

END.
